PLINK v1.90b6.21 64-bit (19 Oct 2020)
Options in effect:
  --allow-no-sex
  --bfile chr1
  --make-bed
  --merge-list mylist.txt
  --out afr_genotypes

Hostname: tade-notebook
Working directory: /home/tade/Current/bridgePRS/repo/BridgePRS/data/pop_africa/genotypes
Start time: Tue Sep 26 16:28:31 2023

Random number seed: 1695756511
19980 MB RAM detected; reserving 9990 MB for main workspace.
Allocated 1777 MB successfully, after larger attempt(s) failed.
Performing single-pass merge (3000 people, 19734 variants).
Merged fileset written to afr_genotypes-merge.bed + afr_genotypes-merge.bim +
afr_genotypes-merge.fam .
19734 variants loaded from .bim file.
3000 people (0 males, 0 females, 3000 ambiguous) loaded from .fam.
Ambiguous sex IDs written to afr_genotypes.nosex .
3000 phenotype values loaded from .fam.
Using 1 thread (no multithreaded calculations invoked).
Before main variant filters, 3000 founders and 0 nonfounders present.
Calculating allele frequencies... done.
19734 variants and 3000 people pass filters and QC.
Among remaining phenotypes, 0 are cases and 3000 are controls.
--make-bed to afr_genotypes.bed + afr_genotypes.bim + afr_genotypes.fam ...
done.

End time: Tue Sep 26 16:28:31 2023
